
ROM used:   3384/11264 (30%)
            3384/11264 (30%) including unused fragments

            1.2 Average locations per line
            4.4 Average locations per statement

RAM used:   1788/2048 (87%) at main() level
            1828/2048 (89%) worst case

Stack size: 128

Lines Stmts  %   Files
----- ----- ---  -----
  210   111  15  dsPIC33OSC.c
  730     0   0  C:\Program Files (x86)\PICC\Devices\33fj16gs502.h
 1351   524  69  C:\Program Files (x86)\PICC\Drivers\stdlib.h
   32     0   0  C:\Program Files (x86)\PICC\Drivers\stddef.h
  423   129  17  C:\Program Files (x86)\PICC\Drivers\string.h
   28     0   0  C:\Program Files (x86)\PICC\Drivers\ctype.h
----- -----
 2774   764 Total

Page ROM  %  RAM   Vol Diff  Functions:
---- --- --- ---   --- ----  ----------
0     68   1    8             @DIV3232B
0     68   1   12   288  6.0  strpbrk
0     74   1   12   346  7.5  strspn
0     90   1   11   475  7.2  strtok
0     66   1    8             @MULS3232
0    412   6   15  1815 10.5  atoi
0    492   7   19  1817 10.4  atol
0     16   0    2             @delay_us1
0     70   1    6             @SPI_XFER_1
0     70   1    6             @SPI_XFER_2
0     70   1    6             @SPI_XFER_3
0     70   1    6             @SPI_XFER_4
0    222   3    3   878  5.2  parse_cmd
0     14   0    0   547  3.3  @const1063
0     58   1    0   248  2.3  reset_pot
0    116   2    3   411  6.1  get_data
0     82   1    3   222  5.1  send_data
0    178   3    0   222  5.1  @PRINTFU16_230400_5720_5727
0    200   3    0             @PRINTFU32_230400_5720_5727
0     40   1    2   192  3.6  init_adc
0    144   2    5   302  4.4  get_cmd
0     14   0    0   192  3.6  @const1072
0    238   4    2   517  3.3  MAIN
 Inline         0   547  3.3  @cinit1

Program metrics:
    Functions               16
    Statements              764
    Comments                986
    Volume (V)              14623
    Difficulty (D)          86.8
    Effort to implement (E) 1269294
    Time to implement (T)   19 hours, 35 minutes
    Est Delivered Bugs (B)  4
    Cyclomatic Complexity   53
    Maintainability (MI)    52

 Segment     Used  Free
-----------  ----  ----
00000-00002     4  0  
00004-001FE   508  0  
00200-02BFE  2872  7880  



